#
# A fatal error has been detected by the Java Runtime Environment:
#
#  EXCEPTION_ACCESS_VIOLATION (0xc0000005) at pc=0x00007fff87156910, pid=14548, tid=9356
#
# JRE version: Java(TM) SE Runtime Environment (17.0.12+8) (build 17.0.12+8-LTS-286)
# Java VM: Java HotSpot(TM) 64-Bit Server VM (17.0.12+8-LTS-286, mixed mode, sharing, tiered, compressed oops, compressed class ptrs, g1 gc, windows-amd64)
# Problematic frame:
# V  [jvm.dll+0x366910]
#
# No core dump will be written. Minidumps are not enabled by default on client versions of Windows
#
# If you would like to submit a bug report, please visit:
#   https://bugreport.java.com/bugreport/crash.jsp
#

---------------  S U M M A R Y ------------

Command Line: -XX:MaxMetaspaceSize=512m --add-opens=java.base/java.util=ALL-UNNAMED --add-opens=java.base/java.lang=ALL-UNNAMED --add-opens=java.base/java.lang.invoke=ALL-UNNAMED --add-opens=java.prefs/java.util.prefs=ALL-UNNAMED --add-opens=java.base/java.nio.charset=ALL-UNNAMED --add-opens=java.base/java.net=ALL-UNNAMED --add-opens=java.base/java.util.concurrent.atomic=ALL-UNNAMED -Xmx2048m -Dfile.encoding=utf8 -Duser.country=US -Duser.language=en -Duser.variant -javaagent:C:\Users\dungn\.gradle\wrapper\dists\gradle-8.6-all\3mbtmo166bl6vumsh5k2lkq5h\gradle-8.6\lib\agents\gradle-instrumentation-agent-8.6.jar org.gradle.launcher.daemon.bootstrap.GradleDaemon 8.6

Host: Intel(R) Core(TM) i7-6700HQ CPU @ 2.60GHz, 8 cores, 15G,  Windows 10 , 64 bit Build 19041 (10.0.19041.4842)
Time: Sun Sep 22 15:23:27 2024 SE Asia Standard Time elapsed time: 19.941870 seconds (0d 0h 0m 19s)

---------------  T H R E A D  ---------------

Current thread (0x00000240c3adefe0):  JavaThread "C2 CompilerThread0" daemon [_thread_in_native, id=9356, stack(0x000000e789e00000,0x000000e789f00000)]


Current CompileTask:
C2:  19942 6827       4       java.io.ObjectOutputStream::writeClassDesc (60 bytes)

Stack: [0x000000e789e00000,0x000000e789f00000],  sp=0x000000e789efb730,  free space=1005k
Native frames: (J=compiled Java code, j=interpreted, Vv=VM code, C=native code)
V  [jvm.dll+0x366910]
V  [jvm.dll+0x3600e1]
V  [jvm.dll+0x1ba688]
V  [jvm.dll+0x216997]
V  [jvm.dll+0x215c6f]
V  [jvm.dll+0x1a2960]
V  [jvm.dll+0x22610b]
V  [jvm.dll+0x2242ab]
V  [jvm.dll+0x79075c]
V  [jvm.dll+0x78abea]
V  [jvm.dll+0x678f35]
C  [ucrtbase.dll+0x21bb2]
C  [KERNEL32.DLL+0x17374]
C  [ntdll.dll+0x4cc91]


siginfo: EXCEPTION_ACCESS_VIOLATION (0xc0000005), reading address 0x00007ffb878f98e8


Registers:
RAX=0x0000000000000000, RBX=0x0000000000000006, RCX=0x0000000000000000, RDX=0x00007ffb878f98e8
RSP=0x000000e789efb730, RBP=0x00007fff878f98e8, RSI=0x000000000000255e, RDI=0x000000e789efb780
R8 =0x0000000040000000, R9 =0x0000000000000004, R10=0x00000240e4908858, R11=0x000000e789efb690
R12=0x0000000000000000, R13=0x00000000000003d8, R14=0x000000000000001e, R15=0x00007fff878f98e8
RIP=0x00007fff87156910, EFLAGS=0x0000000000010246


Register to memory mapping:

RIP=0x00007fff87156910 jvm.dll
RAX=0x0 is NULL
RBX=0x0000000000000006 is an unknown value
RCX=0x0 is NULL
RDX=0x00007ffb878f98e8 is an unknown value
RSP=0x000000e789efb730 is pointing into the stack for thread: 0x00000240c3adefe0
RBP=0x00007fff878f98e8 jvm.dll
RSI=0x000000000000255e is an unknown value
RDI=0x000000e789efb780 is pointing into the stack for thread: 0x00000240c3adefe0
R8 =0x0000000040000000 is an unknown value
R9 =0x0000000000000004 is an unknown value
R10=0x00000240e4908858 points into unknown readable memory: 0x0000000000000000 | 00 00 00 00 00 00 00 00
R11=0x000000e789efb690 is pointing into the stack for thread: 0x00000240c3adefe0
R12=0x0 is NULL
R13=0x00000000000003d8 is an unknown value
R14=0x000000000000001e is an unknown value
R15=0x00007fff878f98e8 jvm.dll


Top of Stack: (sp=0x000000e789efb730)
0x000000e789efb730:   00000240c3acb520 00000240e4cf7400
0x000000e789efb740:   000000000027b4d0 00007fff876f84b8
0x000000e789efb750:   000000000000255e 00007fff871500e1
0x000000e789efb760:   00000240e6d247d0 000000e789efb8a0
0x000000e789efb770:   000000000000255e 0000000000000000
0x000000e789efb780:   0000000000000000 000000010000010c
0x000000e789efb790:   0000002600000002 00007ffb878f98e8
0x000000e789efb7a0:   00000240e556ee70 00000240e6e8fb10
0x000000e789efb7b0:   0000000000000001 0000000000000000
0x000000e789efb7c0:   000000e789efb8d0 00007fff86faa688
0x000000e789efb7d0:   000000e789efbc50 00000240e549a430
0x000000e789efb7e0:   000000e789efbd30 00000240e549a420
0x000000e789efb7f0:   0000000000000000 00007ff81ddb920e
0x000000e789efb800:   0000024000000006 00000240e549a420
0x000000e789efb810:   00000240e66d6090 00000240e66db380
0x000000e789efb820:   00000240e66de078 00000000009650c0 

Instructions: (pc=0x00007fff87156910)
0x00007fff87156810:   48 8b 8e d0 08 00 00 48 85 c9 75 0c e8 7f 09 00
0x00007fff87156820:   00 48 8b 8e d0 08 00 00 48 8b 01 0f 57 c0 48 89
0x00007fff87156830:   86 d0 08 00 00 0f 11 01 0f 11 41 10 0f 10 45 00
0x00007fff87156840:   0f 11 01 0f 10 4d 10 0f 11 49 10 48 8b 43 08 49
0x00007fff87156850:   89 0c 06 48 8d 0d 8e 30 7a 00 ff c7 ba 50 00 00
0x00007fff87156860:   00 3b bb 90 00 00 00 0f 82 63 ff ff ff 4c 8b 74
0x00007fff87156870:   24 58 4c 8b 64 24 50 48 8b c3 48 8b 5c 24 60 48
0x00007fff87156880:   83 c4 20 41 5f 41 5d 5f 5e 5d c3 cc cc cc cc cc
0x00007fff87156890:   48 89 74 24 18 57 48 83 ec 20 8b 51 0c 48 8b f9
0x00007fff871568a0:   83 fa 04 73 29 48 8b 49 18 0f 1f 80 00 00 00 00
0x00007fff871568b0:   8b c2 44 8d 4a 01 48 83 3c c1 00 4c 8d 14 c1 0f
0x00007fff871568c0:   85 91 00 00 00 41 8b d1 41 83 f9 04 72 e2 48 89
0x00007fff871568d0:   5c 24 30 8b 5f 10 48 89 6c 24 38 3b 5f 14 73 5f
0x00007fff871568e0:   48 8d 2d 01 30 7a 00 66 0f 1f 84 00 00 00 00 00
0x00007fff871568f0:   48 8b 47 20 8b cb 48 8b 14 c8 48 3b d5 74 39 33
0x00007fff87156900:   c0 48 89 57 18 33 c9 66 0f 1f 84 00 00 00 00 00
0x00007fff87156910:   48 83 3c 11 00 44 8d 48 01 75 78 48 83 c1 08 41
0x00007fff87156920:   8b c1 41 83 f9 04 72 e8 48 8b 4f 28 48 85 c9 74
0x00007fff87156930:   07 8b d3 e8 58 01 00 00 ff c3 3b 5f 14 72 b1 33
0x00007fff87156940:   c0 48 8b 5c 24 30 48 8b 6c 24 38 48 8b 74 24 40
0x00007fff87156950:   48 83 c4 20 5f c3 8b 47 10 48 8b 74 24 40 44 8d
0x00007fff87156960:   04 82 41 c1 e0 06 41 81 c0 00 ff ff ff 44 89 47
0x00007fff87156970:   08 49 8b 12 48 0f bc c2 44 89 4f 0c 8b c8 48 d3
0x00007fff87156980:   ea 48 ff ca 41 03 c0 48 89 17 89 47 08 48 83 c4
0x00007fff87156990:   20 5f c3 8b c8 44 8d 04 98 41 c1 e0 06 8d 43 01
0x00007fff871569a0:   44 89 47 08 48 8b 14 ca 89 47 10 48 0f bc c2 44
0x00007fff871569b0:   89 4f 0c 8b c8 48 d3 ea 48 ff ca 41 03 c0 48 89
0x00007fff871569c0:   17 89 47 08 e9 78 ff ff ff cc cc cc cc cc cc cc
0x00007fff871569d0:   40 53 48 83 ec 20 65 48 8b 04 25 58 00 00 00 8b
0x00007fff871569e0:   0d 93 18 7e 00 48 8b 1c c8 b8 50 00 00 00 80 3c
0x00007fff871569f0:   18 00 75 05 e8 b3 fa 4c 00 b8 20 00 00 00 48 8b
0x00007fff87156a00:   04 18 48 8b 88 d8 04 00 00 48 8b 99 80 00 00 00 


Stack slot to memory mapping:
stack at sp + 0 slots: 0x00000240c3acb520 points into unknown readable memory: 0x0000024000000006 | 06 00 00 00 40 02 00 00
stack at sp + 1 slots: 0x00000240e4cf7400 points into unknown readable memory: 0x00007fff878f98e8 | e8 98 8f 87 ff 7f 00 00
stack at sp + 2 slots: 0x000000000027b4d0 is an unknown value
stack at sp + 3 slots: 0x00007fff876f84b8 jvm.dll
stack at sp + 4 slots: 0x000000000000255e is an unknown value
stack at sp + 5 slots: 0x00007fff871500e1 jvm.dll
stack at sp + 6 slots: 0x00000240e6d247d0 points into unknown readable memory: 0x0000002600000083 | 83 00 00 00 26 00 00 00
stack at sp + 7 slots: 0x000000e789efb8a0 is pointing into the stack for thread: 0x00000240c3adefe0


---------------  P R O C E S S  ---------------

Threads class SMR info:
_java_thread_list=0x00000240e78cb110, length=57, elements={
0x00000240a587a520, 0x00000240c3ac0e10, 0x00000240c3ac19a0, 0x00000240c3ad64c0,
0x00000240c3ad7da0, 0x00000240c3ad9620, 0x00000240c3ada690, 0x00000240c3adefe0,
0x00000240c3ae1150, 0x00000240c3aec9e0, 0x00000240c3cdf390, 0x00000240c3ce0ce0,
0x00000240c3ce11f0, 0x00000240c3cdda40, 0x00000240c3cdf8a0, 0x00000240c3cdee80,
0x00000240c3ce07d0, 0x00000240c3cddf50, 0x00000240c3cdfdb0, 0x00000240c3cde970,
0x00000240c3cde460, 0x00000240c3ce02c0, 0x00000240e52838c0, 0x00000240e5281f70,
0x00000240e5284d00, 0x00000240e52833b0, 0x00000240e5281a60, 0x00000240e5283dd0,
0x00000240e527ecd0, 0x00000240e5285210, 0x00000240e52842e0, 0x00000240e527dda0,
0x00000240e527f1e0, 0x00000240e5281550, 0x00000240e7f713c0, 0x00000240e7f6e630,
0x00000240e7f72d10, 0x00000240e7f6c7d0, 0x00000240e7f73220, 0x00000240e7f70490,
0x00000240e7f6cce0, 0x00000240e7f6f050, 0x00000240e7f718d0, 0x00000240e7f6c2c0,
0x00000240e7f6d1f0, 0x00000240e7f6d700, 0x00000240e7f6fa70, 0x00000240e7f722f0,
0x00000240e7f73730, 0x00000240e7f709a0, 0x00000240e7f73c40, 0x00000240e7f6dc10,
0x00000240e7f6ff80, 0x00000240e5280110, 0x00000240e64c3310, 0x00000240e65965b0,
0x00000240e65935e0
}

Java Threads: ( => current thread )
  0x00000240a587a520 JavaThread "main" [_thread_blocked, id=9464, stack(0x000000e789100000,0x000000e789200000)]
  0x00000240c3ac0e10 JavaThread "Reference Handler" daemon [_thread_blocked, id=18204, stack(0x000000e789800000,0x000000e789900000)]
  0x00000240c3ac19a0 JavaThread "Finalizer" daemon [_thread_blocked, id=8888, stack(0x000000e789900000,0x000000e789a00000)]
  0x00000240c3ad64c0 JavaThread "Signal Dispatcher" daemon [_thread_blocked, id=18408, stack(0x000000e789a00000,0x000000e789b00000)]
  0x00000240c3ad7da0 JavaThread "Attach Listener" daemon [_thread_blocked, id=15404, stack(0x000000e789b00000,0x000000e789c00000)]
  0x00000240c3ad9620 JavaThread "Service Thread" daemon [_thread_blocked, id=16056, stack(0x000000e789c00000,0x000000e789d00000)]
  0x00000240c3ada690 JavaThread "Monitor Deflation Thread" daemon [_thread_blocked, id=14804, stack(0x000000e789d00000,0x000000e789e00000)]
=>0x00000240c3adefe0 JavaThread "C2 CompilerThread0" daemon [_thread_in_native, id=9356, stack(0x000000e789e00000,0x000000e789f00000)]
  0x00000240c3ae1150 JavaThread "C1 CompilerThread0" daemon [_thread_blocked, id=21604, stack(0x000000e789f00000,0x000000e78a000000)]
  0x00000240c3aec9e0 JavaThread "Sweeper thread" daemon [_thread_blocked, id=19152, stack(0x000000e78a000000,0x000000e78a100000)]
  0x00000240c3cdf390 JavaThread "Common-Cleaner" daemon [_thread_blocked, id=1848, stack(0x000000e78a100000,0x000000e78a200000)]
  0x00000240c3ce0ce0 JavaThread "Notification Thread" daemon [_thread_blocked, id=8640, stack(0x000000e78a300000,0x000000e78a400000)]
  0x00000240c3ce11f0 JavaThread "Daemon health stats" [_thread_blocked, id=15452, stack(0x000000e78ab00000,0x000000e78ac00000)]
  0x00000240c3cdda40 JavaThread "Incoming local TCP Connector on port 60550" [_thread_in_native, id=23692, stack(0x000000e78a500000,0x000000e78a600000)]
  0x00000240c3cdf8a0 JavaThread "Daemon periodic checks" [_thread_blocked, id=20796, stack(0x000000e78ac00000,0x000000e78ad00000)]
  0x00000240c3cdee80 JavaThread "Daemon" [_thread_blocked, id=20844, stack(0x000000e78ad00000,0x000000e78ae00000)]
  0x00000240c3ce07d0 JavaThread "Handler for socket connection from /127.0.0.1:60550 to /127.0.0.1:60551" [_thread_in_native, id=14692, stack(0x000000e78ae00000,0x000000e78af00000)]
  0x00000240c3cddf50 JavaThread "Cancel handler" [_thread_blocked, id=23172, stack(0x000000e78af00000,0x000000e78b000000)]
  0x00000240c3cdfdb0 JavaThread "Daemon worker" [_thread_in_Java, id=24488, stack(0x000000e78b000000,0x000000e78b100000)]
  0x00000240c3cde970 JavaThread "Asynchronous log dispatcher for DefaultDaemonConnection: socket connection from /127.0.0.1:60550 to /127.0.0.1:60551" [_thread_blocked, id=15292, stack(0x000000e78b100000,0x000000e78b200000)]
  0x00000240c3cde460 JavaThread "Stdin handler" [_thread_blocked, id=18472, stack(0x000000e78b200000,0x000000e78b300000)]
  0x00000240c3ce02c0 JavaThread "Daemon client event forwarder" [_thread_blocked, id=7600, stack(0x000000e78b300000,0x000000e78b400000)]
  0x00000240e52838c0 JavaThread "Cache worker for journal cache (C:\Users\dungn\.gradle\caches\journal-1)" [_thread_blocked, id=10820, stack(0x000000e78a200000,0x000000e78a300000)]
  0x00000240e5281f70 JavaThread "File lock request listener" [_thread_in_native, id=22516, stack(0x000000e78b400000,0x000000e78b500000)]
  0x00000240e5284d00 JavaThread "Cache worker for file hash cache (C:\Users\dungn\.gradle\caches\8.6\fileHashes)" [_thread_blocked, id=8740, stack(0x000000e78b500000,0x000000e78b600000)]
  0x00000240e52833b0 JavaThread "File watcher server" daemon [_thread_in_native, id=12716, stack(0x000000e78b700000,0x000000e78b800000)]
  0x00000240e5281a60 JavaThread "File watcher consumer" daemon [_thread_blocked, id=22256, stack(0x000000e78b800000,0x000000e78b900000)]
  0x00000240e5283dd0 JavaThread "Cache worker for checksums cache (C:\Users\dungn\Desktop\Melody-Alley\client\android\.gradle\8.6\checksums)" [_thread_blocked, id=18604, stack(0x000000e78bd00000,0x000000e78be00000)]
  0x00000240e527ecd0 JavaThread "Cache worker for file hash cache (C:\Users\dungn\Desktop\Melody-Alley\client\android\.gradle\8.6\fileHashes)" [_thread_blocked, id=14856, stack(0x000000e78be00000,0x000000e78bf00000)]
  0x00000240e5285210 JavaThread "Cache worker for cache directory md-supplier (C:\Users\dungn\.gradle\caches\8.6\md-supplier)" [_thread_blocked, id=15280, stack(0x000000e78bf00000,0x000000e78c000000)]
  0x00000240e52842e0 JavaThread "Cache worker for cache directory md-rule (C:\Users\dungn\.gradle\caches\8.6\md-rule)" [_thread_blocked, id=8688, stack(0x000000e78c000000,0x000000e78c100000)]
  0x00000240e527dda0 JavaThread "Cache worker for file content cache (C:\Users\dungn\.gradle\caches\8.6\fileContent)" [_thread_blocked, id=22852, stack(0x000000e78c100000,0x000000e78c200000)]
  0x00000240e527f1e0 JavaThread "jar transforms" [_thread_blocked, id=4848, stack(0x000000e78c200000,0x000000e78c300000)]
  0x00000240e5281550 JavaThread "jar transforms Thread 2" [_thread_blocked, id=6348, stack(0x000000e78c300000,0x000000e78c400000)]
  0x00000240e7f713c0 JavaThread "jar transforms Thread 3" [_thread_blocked, id=15800, stack(0x000000e78c400000,0x000000e78c500000)]
  0x00000240e7f6e630 JavaThread "jar transforms Thread 4" [_thread_blocked, id=23520, stack(0x000000e78c500000,0x000000e78c600000)]
  0x00000240e7f72d10 JavaThread "jar transforms Thread 5" [_thread_blocked, id=16468, stack(0x000000e78c600000,0x000000e78c700000)]
  0x00000240e7f6c7d0 JavaThread "jar transforms Thread 6" [_thread_blocked, id=9584, stack(0x000000e78c700000,0x000000e78c800000)]
  0x00000240e7f73220 JavaThread "Exec process" [_thread_blocked, id=5304, stack(0x000000e78c800000,0x000000e78c900000)]
  0x00000240e7f70490 JavaThread "Exec process Thread 2" [_thread_blocked, id=6024, stack(0x000000e78c900000,0x000000e78ca00000)]
  0x00000240e7f6cce0 JavaThread "Exec process Thread 3" [_thread_blocked, id=5164, stack(0x000000e78ca00000,0x000000e78cb00000)]
  0x00000240e7f6f050 JavaThread "jar transforms Thread 7" [_thread_blocked, id=14380, stack(0x000000e78cb00000,0x000000e78cc00000)]
  0x00000240e7f718d0 JavaThread "jar transforms Thread 8" [_thread_blocked, id=20804, stack(0x000000e78cc00000,0x000000e78cd00000)]
  0x00000240e7f6c2c0 JavaThread "Unconstrained build operations" [_thread_blocked, id=1628, stack(0x000000e78cd00000,0x000000e78ce00000)]
  0x00000240e7f6d1f0 JavaThread "Unconstrained build operations Thread 2" [_thread_blocked, id=15112, stack(0x000000e78ce00000,0x000000e78cf00000)]
  0x00000240e7f6d700 JavaThread "Cache worker for Build Output Cleanup Cache (C:\Users\dungn\Desktop\Melody-Alley\client\node_modules\@react-native\gradle-plugin\.gradle\buildOutputCleanup)" [_thread_blocked, id=15132, stack(0x000000e78cf00000,0x000000e78d000000)]
  0x00000240e7f6fa70 JavaThread "Unconstrained build operations Thread 3" [_thread_blocked, id=17680, stack(0x000000e78d000000,0x000000e78d100000)]
  0x00000240e7f722f0 JavaThread "Unconstrained build operations Thread 4" [_thread_blocked, id=12548, stack(0x000000e78d100000,0x000000e78d200000)]
  0x00000240e7f73730 JavaThread "Unconstrained build operations Thread 5" [_thread_blocked, id=18660, stack(0x000000e78d200000,0x000000e78d300000)]
  0x00000240e7f709a0 JavaThread "Unconstrained build operations Thread 6" [_thread_blocked, id=1348, stack(0x000000e78d300000,0x000000e78d400000)]
  0x00000240e7f73c40 JavaThread "Unconstrained build operations Thread 7" [_thread_blocked, id=18636, stack(0x000000e78d400000,0x000000e78d500000)]
  0x00000240e7f6dc10 JavaThread "Unconstrained build operations Thread 8" [_thread_blocked, id=8864, stack(0x000000e78d500000,0x000000e78d600000)]
  0x00000240e7f6ff80 JavaThread "Unconstrained build operations Thread 9" [_thread_blocked, id=15020, stack(0x000000e78d600000,0x000000e78d700000)]
  0x00000240e5280110 JavaThread "build event listener" [_thread_blocked, id=24140, stack(0x000000e78d700000,0x000000e78d800000)]
  0x00000240e64c3310 JavaThread "Memory manager" [_thread_blocked, id=23940, stack(0x000000e78b900000,0x000000e78ba00000)]
  0x00000240e65965b0 JavaThread "C2 CompilerThread1" daemon [_thread_in_native, id=14924, stack(0x000000e78b600000,0x000000e78b700000)]
  0x00000240e65935e0 JavaThread "C2 CompilerThread2" daemon [_thread_in_native, id=21412, stack(0x000000e78d800000,0x000000e78d900000)]

Other Threads:
  0x00000240c3abb390 VMThread "VM Thread" [stack: 0x000000e789700000,0x000000e789800000] [id=6904]
  0x00000240c3dff460 WatcherThread [stack: 0x000000e78a400000,0x000000e78a500000] [id=2104]
  0x00000240a58d5f40 GCTaskThread "GC Thread#0" [stack: 0x000000e789200000,0x000000e789300000] [id=20056]
  0x00000240e30ae040 GCTaskThread "GC Thread#1" [stack: 0x000000e78a600000,0x000000e78a700000] [id=22816]
  0x00000240e3c45920 GCTaskThread "GC Thread#2" [stack: 0x000000e78a700000,0x000000e78a800000] [id=1828]
  0x00000240e38ec590 GCTaskThread "GC Thread#3" [stack: 0x000000e78a800000,0x000000e78a900000] [id=13468]
  0x00000240e38ec850 GCTaskThread "GC Thread#4" [stack: 0x000000e78a900000,0x000000e78aa00000] [id=24540]
  0x00000240e31faf70 GCTaskThread "GC Thread#5" [stack: 0x000000e78aa00000,0x000000e78ab00000] [id=13472]
  0x00000240e672bd20 GCTaskThread "GC Thread#6" [stack: 0x000000e78ba00000,0x000000e78bb00000] [id=13276]
  0x00000240e40ce670 GCTaskThread "GC Thread#7" [stack: 0x000000e78bb00000,0x000000e78bc00000] [id=21564]
  0x00000240a58e7cb0 ConcurrentGCThread "G1 Main Marker" [stack: 0x000000e789300000,0x000000e789400000] [id=20264]
  0x00000240a58e8c70 ConcurrentGCThread "G1 Conc#0" [stack: 0x000000e789400000,0x000000e789500000] [id=18932]
  0x00000240e52fde70 ConcurrentGCThread "G1 Conc#1" [stack: 0x000000e78bc00000,0x000000e78bd00000] [id=12816]
  0x00000240c3976580 ConcurrentGCThread "G1 Refine#0" [stack: 0x000000e789500000,0x000000e789600000] [id=3112]
  0x00000240c3976c60 ConcurrentGCThread "G1 Service" [stack: 0x000000e789600000,0x000000e789700000] [id=18732]

Threads with active compile tasks:
C2 CompilerThread0    20117 6827       4       java.io.ObjectOutputStream::writeClassDesc (60 bytes)
C2 CompilerThread1    20117 6897 %     4       org.gradle.internal.instantiation.generator.AbstractClassGenerator::inspectType @ 32 (560 bytes)
C2 CompilerThread2    20117 7205       4       java.lang.System$2::join (11 bytes)

VM state: not at safepoint (normal execution)

VM Mutex/Monitor currently owned by a thread: None

Heap address: 0x0000000080000000, size: 2048 MB, Compressed Oops mode: 32-bit

CDS archive(s) mapped at: [0x00000240c4000000-0x00000240c4bd0000-0x00000240c4bd0000), size 12386304, SharedBaseAddress: 0x00000240c4000000, ArchiveRelocationMode: 1.
Compressed class space mapped at: 0x00000240c5000000-0x00000240df000000, reserved size: 436207616
Narrow klass base: 0x00000240c4000000, Narrow klass shift: 0, Narrow klass range: 0x100000000

GC Precious Log:
 CPUs: 8 total, 8 available
 Memory: 16230M
 Large Page Support: Disabled
 NUMA Support: Disabled
 Compressed Oops: Enabled (32-bit)
 Heap Region Size: 1M
 Heap Min Capacity: 8M
 Heap Initial Capacity: 254M
 Heap Max Capacity: 2G
 Pre-touch: Disabled
 Parallel Workers: 8
 Concurrent Workers: 2
 Concurrent Refinement Workers: 8
 Periodic GC: Disabled

Heap:
 garbage-first heap   total 119808K, used 67417K [0x0000000080000000, 0x0000000100000000)
  region size 1024K, 9 young (9216K), 5 survivors (5120K)
 Metaspace       used 62179K, committed 62784K, reserved 491520K
  class space    used 8805K, committed 9088K, reserved 425984K

Heap Regions: E=young(eden), S=young(survivor), O=old, HS=humongous(starts), HC=humongous(continues), CS=collection set, F=free, OA=open archive, CA=closed archive, TAMS=top-at-mark-start (previous, next)
|   0|0x0000000080000000, 0x0000000080100000, 0x0000000080100000|100%|HS|  |TAMS 0x0000000080100000, 0x0000000080000000| Complete 
|   1|0x0000000080100000, 0x0000000080200000, 0x0000000080200000|100%|HC|  |TAMS 0x0000000080200000, 0x0000000080100000| Complete 
|   2|0x0000000080200000, 0x0000000080300000, 0x0000000080300000|100%|HC|  |TAMS 0x0000000080300000, 0x0000000080200000| Complete 
|   3|0x0000000080300000, 0x0000000080400000, 0x0000000080400000|100%|HC|  |TAMS 0x0000000080400000, 0x0000000080300000| Complete 
|   4|0x0000000080400000, 0x0000000080500000, 0x0000000080500000|100%| O|  |TAMS 0x0000000080500000, 0x0000000080400000| Untracked 
|   5|0x0000000080500000, 0x0000000080600000, 0x0000000080600000|100%| O|  |TAMS 0x0000000080600000, 0x0000000080500000| Untracked 
|   6|0x0000000080600000, 0x0000000080700000, 0x0000000080700000|100%| O|  |TAMS 0x0000000080700000, 0x0000000080600000| Untracked 
|   7|0x0000000080700000, 0x0000000080800000, 0x0000000080800000|100%| O|  |TAMS 0x0000000080800000, 0x0000000080700000| Untracked 
|   8|0x0000000080800000, 0x0000000080900000, 0x0000000080900000|100%| O|  |TAMS 0x0000000080900000, 0x0000000080800000| Untracked 
|   9|0x0000000080900000, 0x0000000080a00000, 0x0000000080a00000|100%| O|  |TAMS 0x0000000080a00000, 0x0000000080900000| Untracked 
|  10|0x0000000080a00000, 0x0000000080b00000, 0x0000000080b00000|100%| O|  |TAMS 0x0000000080b00000, 0x0000000080a00000| Untracked 
|  11|0x0000000080b00000, 0x0000000080c00000, 0x0000000080c00000|100%| O|  |TAMS 0x0000000080c00000, 0x0000000080b00000| Untracked 
|  12|0x0000000080c00000, 0x0000000080d00000, 0x0000000080d00000|100%| O|  |TAMS 0x0000000080d00000, 0x0000000080c00000| Untracked 
|  13|0x0000000080d00000, 0x0000000080e00000, 0x0000000080e00000|100%| O|  |TAMS 0x0000000080e00000, 0x0000000080d00000| Untracked 
|  14|0x0000000080e00000, 0x0000000080f00000, 0x0000000080f00000|100%| O|  |TAMS 0x0000000080f00000, 0x0000000080e00000| Untracked 
|  15|0x0000000080f00000, 0x0000000081000000, 0x0000000081000000|100%| O|  |TAMS 0x0000000081000000, 0x0000000080f00000| Untracked 
|  16|0x0000000081000000, 0x0000000081100000, 0x0000000081100000|100%| O|  |TAMS 0x0000000081100000, 0x0000000081000000| Untracked 
|  17|0x0000000081100000, 0x0000000081200000, 0x0000000081200000|100%| O|  |TAMS 0x0000000081200000, 0x0000000081100000| Untracked 
|  18|0x0000000081200000, 0x0000000081300000, 0x0000000081300000|100%| O|  |TAMS 0x0000000081300000, 0x0000000081200000| Untracked 
|  19|0x0000000081300000, 0x0000000081400000, 0x0000000081400000|100%| O|  |TAMS 0x0000000081400000, 0x0000000081300000| Untracked 
|  20|0x0000000081400000, 0x0000000081500000, 0x0000000081500000|100%| O|  |TAMS 0x0000000081500000, 0x0000000081400000| Untracked 
|  21|0x0000000081500000, 0x0000000081600000, 0x0000000081600000|100%| O|  |TAMS 0x0000000081600000, 0x0000000081500000| Untracked 
|  22|0x0000000081600000, 0x0000000081700000, 0x0000000081700000|100%| O|  |TAMS 0x0000000081700000, 0x0000000081600000| Untracked 
|  23|0x0000000081700000, 0x0000000081800000, 0x0000000081800000|100%| O|  |TAMS 0x0000000081800000, 0x0000000081700000| Untracked 
|  24|0x0000000081800000, 0x0000000081900000, 0x0000000081900000|100%| O|  |TAMS 0x0000000081900000, 0x0000000081800000| Untracked 
|  25|0x0000000081900000, 0x0000000081a00000, 0x0000000081a00000|100%| O|  |TAMS 0x0000000081a00000, 0x0000000081900000| Untracked 
|  26|0x0000000081a00000, 0x0000000081b00000, 0x0000000081b00000|100%| O|  |TAMS 0x0000000081b00000, 0x0000000081a00000| Untracked 
|  27|0x0000000081b00000, 0x0000000081c00000, 0x0000000081c00000|100%| O|  |TAMS 0x0000000081c00000, 0x0000000081b00000| Untracked 
|  28|0x0000000081c00000, 0x0000000081d00000, 0x0000000081d00000|100%| O|  |TAMS 0x0000000081d00000, 0x0000000081c00000| Untracked 
|  29|0x0000000081d00000, 0x0000000081e00000, 0x0000000081e00000|100%| O|  |TAMS 0x0000000081e00000, 0x0000000081d00000| Untracked 
|  30|0x0000000081e00000, 0x0000000081f00000, 0x0000000081f00000|100%| O|  |TAMS 0x0000000081f00000, 0x0000000081e00000| Untracked 
|  31|0x0000000081f00000, 0x0000000082000000, 0x0000000082000000|100%| O|  |TAMS 0x0000000082000000, 0x0000000081f00000| Untracked 
|  32|0x0000000082000000, 0x0000000082100000, 0x0000000082100000|100%| O|  |TAMS 0x0000000082100000, 0x0000000082000000| Untracked 
|  33|0x0000000082100000, 0x0000000082200000, 0x0000000082200000|100%| O|  |TAMS 0x0000000082200000, 0x0000000082100000| Untracked 
|  34|0x0000000082200000, 0x0000000082300000, 0x0000000082300000|100%| O|  |TAMS 0x0000000082300000, 0x0000000082200000| Untracked 
|  35|0x0000000082300000, 0x0000000082400000, 0x0000000082400000|100%| O|  |TAMS 0x0000000082400000, 0x0000000082300000| Untracked 
|  36|0x0000000082400000, 0x0000000082500000, 0x0000000082500000|100%| O|  |TAMS 0x0000000082500000, 0x0000000082400000| Untracked 
|  37|0x0000000082500000, 0x0000000082600000, 0x0000000082600000|100%| O|  |TAMS 0x0000000082600000, 0x0000000082500000| Untracked 
|  38|0x0000000082600000, 0x0000000082700000, 0x0000000082700000|100%| O|  |TAMS 0x0000000082700000, 0x0000000082600000| Untracked 
|  39|0x0000000082700000, 0x0000000082800000, 0x0000000082800000|100%|HS|  |TAMS 0x0000000082800000, 0x0000000082700000| Complete 
|  40|0x0000000082800000, 0x0000000082900000, 0x0000000082900000|100%|HC|  |TAMS 0x0000000082900000, 0x0000000082800000| Complete 
|  41|0x0000000082900000, 0x0000000082a00000, 0x0000000082a00000|100%|HS|  |TAMS 0x0000000082a00000, 0x0000000082900000| Complete 
|  42|0x0000000082a00000, 0x0000000082b00000, 0x0000000082b00000|100%|HC|  |TAMS 0x0000000082b00000, 0x0000000082a00000| Complete 
|  43|0x0000000082b00000, 0x0000000082c00000, 0x0000000082c00000|100%| O|  |TAMS 0x0000000082c00000, 0x0000000082b00000| Untracked 
|  44|0x0000000082c00000, 0x0000000082d00000, 0x0000000082d00000|100%| O|  |TAMS 0x0000000082d00000, 0x0000000082c00000| Untracked 
|  45|0x0000000082d00000, 0x0000000082e00000, 0x0000000082e00000|100%| O|  |TAMS 0x0000000082e00000, 0x0000000082d00000| Untracked 
|  46|0x0000000082e00000, 0x0000000082f00000, 0x0000000082f00000|100%|HS|  |TAMS 0x0000000082f00000, 0x0000000082e00000| Complete 
|  47|0x0000000082f00000, 0x0000000083000000, 0x0000000083000000|100%|HC|  |TAMS 0x0000000083000000, 0x0000000082f00000| Complete 
|  48|0x0000000083000000, 0x0000000083100000, 0x0000000083100000|100%|HC|  |TAMS 0x0000000083100000, 0x0000000083000000| Complete 
|  49|0x0000000083100000, 0x0000000083200000, 0x0000000083200000|100%|HC|  |TAMS 0x0000000083200000, 0x0000000083100000| Complete 
|  50|0x0000000083200000, 0x0000000083300000, 0x0000000083300000|100%|HS|  |TAMS 0x0000000083300000, 0x0000000083200000| Complete 
|  51|0x0000000083300000, 0x0000000083400000, 0x0000000083400000|100%|HC|  |TAMS 0x0000000083400000, 0x0000000083300000| Complete 
|  52|0x0000000083400000, 0x0000000083500000, 0x0000000083500000|100%|HC|  |TAMS 0x0000000083500000, 0x0000000083400000| Complete 
|  53|0x0000000083500000, 0x0000000083600000, 0x0000000083600000|100%|HC|  |TAMS 0x0000000083600000, 0x0000000083500000| Complete 
|  54|0x0000000083600000, 0x0000000083700000, 0x0000000083700000|100%| O|  |TAMS 0x0000000083700000, 0x0000000083600000| Untracked 
|  55|0x0000000083700000, 0x0000000083800000, 0x0000000083800000|100%| O|  |TAMS 0x0000000083800000, 0x0000000083700000| Untracked 
|  56|0x0000000083800000, 0x0000000083900000, 0x0000000083900000|100%| O|  |TAMS 0x00000000838b2e08, 0x0000000083800000| Untracked 
|  57|0x0000000083900000, 0x0000000083a00000, 0x0000000083a00000|100%| O|  |TAMS 0x0000000083900000, 0x0000000083900000| Untracked 
|  58|0x0000000083a00000, 0x0000000083a19600, 0x0000000083b00000|  9%| O|  |TAMS 0x0000000083a00000, 0x0000000083a00000| Untracked 
|  59|0x0000000083b00000, 0x0000000083b00000, 0x0000000083c00000|  0%| F|  |TAMS 0x0000000083b00000, 0x0000000083b00000| Untracked 
|  60|0x0000000083c00000, 0x0000000083c00000, 0x0000000083d00000|  0%| F|  |TAMS 0x0000000083c00000, 0x0000000083c00000| Untracked 
|  61|0x0000000083d00000, 0x0000000083d00000, 0x0000000083e00000|  0%| F|  |TAMS 0x0000000083d00000, 0x0000000083d00000| Untracked 
|  62|0x0000000083e00000, 0x0000000083e00000, 0x0000000083f00000|  0%| F|  |TAMS 0x0000000083e00000, 0x0000000083e00000| Untracked 
|  63|0x0000000083f00000, 0x0000000083f00000, 0x0000000084000000|  0%| F|  |TAMS 0x0000000083f00000, 0x0000000083f00000| Untracked 
|  64|0x0000000084000000, 0x0000000084000000, 0x0000000084100000|  0%| F|  |TAMS 0x0000000084000000, 0x0000000084000000| Untracked 
|  65|0x0000000084100000, 0x0000000084100000, 0x0000000084200000|  0%| F|  |TAMS 0x0000000084100000, 0x0000000084100000| Untracked 
|  66|0x0000000084200000, 0x0000000084200000, 0x0000000084300000|  0%| F|  |TAMS 0x0000000084200000, 0x0000000084200000| Untracked 
|  67|0x0000000084300000, 0x0000000084300000, 0x0000000084400000|  0%| F|  |TAMS 0x0000000084300000, 0x0000000084300000| Untracked 
|  68|0x0000000084400000, 0x0000000084400000, 0x0000000084500000|  0%| F|  |TAMS 0x0000000084400000, 0x0000000084400000| Untracked 
|  69|0x0000000084500000, 0x0000000084500000, 0x0000000084600000|  0%| F|  |TAMS 0x0000000084500000, 0x0000000084500000| Untracked 
|  70|0x0000000084600000, 0x0000000084600000, 0x0000000084700000|  0%| F|  |TAMS 0x0000000084600000, 0x0000000084600000| Untracked 
|  71|0x0000000084700000, 0x0000000084700000, 0x0000000084800000|  0%| F|  |TAMS 0x0000000084700000, 0x0000000084700000| Untracked 
|  72|0x0000000084800000, 0x0000000084800000, 0x0000000084900000|  0%| F|  |TAMS 0x0000000084800000, 0x0000000084800000| Untracked 
|  73|0x0000000084900000, 0x0000000084900000, 0x0000000084a00000|  0%| F|  |TAMS 0x0000000084900000, 0x0000000084900000| Untracked 
|  74|0x0000000084a00000, 0x0000000084a00000, 0x0000000084b00000|  0%| F|  |TAMS 0x0000000084a00000, 0x0000000084a00000| Untracked 
|  75|0x0000000084b00000, 0x0000000084b00000, 0x0000000084c00000|  0%| F|  |TAMS 0x0000000084b00000, 0x0000000084b00000| Untracked 
|  76|0x0000000084c00000, 0x0000000084c00000, 0x0000000084d00000|  0%| F|  |TAMS 0x0000000084c00000, 0x0000000084c00000| Untracked 
|  77|0x0000000084d00000, 0x0000000084d00000, 0x0000000084e00000|  0%| F|  |TAMS 0x0000000084d00000, 0x0000000084d00000| Untracked 
|  78|0x0000000084e00000, 0x0000000084ebd000, 0x0000000084f00000| 73%| S|CS|TAMS 0x0000000084e00000, 0x0000000084e00000| Complete 
|  79|0x0000000084f00000, 0x0000000085000000, 0x0000000085000000|100%| S|CS|TAMS 0x0000000084f00000, 0x0000000084f00000| Complete 
|  80|0x0000000085000000, 0x0000000085000000, 0x0000000085100000|  0%| F|  |TAMS 0x0000000085000000, 0x0000000085000000| Untracked 
|  81|0x0000000085100000, 0x0000000085200000, 0x0000000085200000|100%| S|CS|TAMS 0x0000000085100000, 0x0000000085100000| Complete 
|  82|0x0000000085200000, 0x0000000085300000, 0x0000000085300000|100%| S|CS|TAMS 0x0000000085200000, 0x0000000085200000| Complete 
|  83|0x0000000085300000, 0x0000000085400000, 0x0000000085400000|100%| S|CS|TAMS 0x0000000085300000, 0x0000000085300000| Complete 
|  84|0x0000000085400000, 0x0000000085400000, 0x0000000085500000|  0%| F|  |TAMS 0x0000000085400000, 0x0000000085400000| Untracked 
|  85|0x0000000085500000, 0x0000000085500000, 0x0000000085600000|  0%| F|  |TAMS 0x0000000085500000, 0x0000000085500000| Untracked 
|  86|0x0000000085600000, 0x0000000085600000, 0x0000000085700000|  0%| F|  |TAMS 0x0000000085600000, 0x0000000085600000| Untracked 
|  87|0x0000000085700000, 0x0000000085700000, 0x0000000085800000|  0%| F|  |TAMS 0x0000000085700000, 0x0000000085700000| Untracked 
|  88|0x0000000085800000, 0x0000000085800000, 0x0000000085900000|  0%| F|  |TAMS 0x0000000085800000, 0x0000000085800000| Untracked 
|  89|0x0000000085900000, 0x0000000085900000, 0x0000000085a00000|  0%| F|  |TAMS 0x0000000085900000, 0x0000000085900000| Untracked 
|  90|0x0000000085a00000, 0x0000000085a00000, 0x0000000085b00000|  0%| F|  |TAMS 0x0000000085a00000, 0x0000000085a00000| Untracked 
|  91|0x0000000085b00000, 0x0000000085b00000, 0x0000000085c00000|  0%| F|  |TAMS 0x0000000085b00000, 0x0000000085b00000| Untracked 
|  92|0x0000000085c00000, 0x0000000085c00000, 0x0000000085d00000|  0%| F|  |TAMS 0x0000000085c00000, 0x0000000085c00000| Untracked 
|  93|0x0000000085d00000, 0x0000000085d00000, 0x0000000085e00000|  0%| F|  |TAMS 0x0000000085d00000, 0x0000000085d00000| Untracked 
|  94|0x0000000085e00000, 0x0000000085e00000, 0x0000000085f00000|  0%| F|  |TAMS 0x0000000085e00000, 0x0000000085e00000| Untracked 
|  95|0x0000000085f00000, 0x0000000085f00000, 0x0000000086000000|  0%| F|  |TAMS 0x0000000085f00000, 0x0000000085f00000| Untracked 
|  96|0x0000000086000000, 0x0000000086000000, 0x0000000086100000|  0%| F|  |TAMS 0x0000000086000000, 0x0000000086000000| Untracked 
|  97|0x0000000086100000, 0x0000000086100000, 0x0000000086200000|  0%| F|  |TAMS 0x0000000086100000, 0x0000000086100000| Untracked 
|  98|0x0000000086200000, 0x0000000086200000, 0x0000000086300000|  0%| F|  |TAMS 0x0000000086200000, 0x0000000086200000| Untracked 
|  99|0x0000000086300000, 0x0000000086300000, 0x0000000086400000|  0%| F|  |TAMS 0x0000000086300000, 0x0000000086300000| Untracked 
| 100|0x0000000086400000, 0x0000000086400000, 0x0000000086500000|  0%| F|  |TAMS 0x0000000086400000, 0x0000000086400000| Untracked 
| 101|0x0000000086500000, 0x0000000086500000, 0x0000000086600000|  0%| F|  |TAMS 0x0000000086500000, 0x0000000086500000| Untracked 
| 102|0x0000000086600000, 0x0000000086600000, 0x0000000086700000|  0%| F|  |TAMS 0x0000000086600000, 0x0000000086600000| Untracked 
| 103|0x0000000086700000, 0x0000000086700000, 0x0000000086800000|  0%| F|  |TAMS 0x0000000086700000, 0x0000000086700000| Untracked 
| 127|0x0000000087f00000, 0x0000000087f00000, 0x0000000088000000|  0%| F|  |TAMS 0x0000000087f00000, 0x0000000087f00000| Untracked 
| 128|0x0000000088000000, 0x0000000088000000, 0x0000000088100000|  0%| F|  |TAMS 0x0000000088000000, 0x0000000088000000| Untracked 
| 129|0x0000000088100000, 0x0000000088100000, 0x0000000088200000|  0%| F|  |TAMS 0x0000000088100000, 0x0000000088100000| Untracked 
| 130|0x0000000088200000, 0x0000000088200000, 0x0000000088300000|  0%| F|  |TAMS 0x0000000088200000, 0x0000000088200000| Untracked 
| 131|0x0000000088300000, 0x0000000088300000, 0x0000000088400000|  0%| F|  |TAMS 0x0000000088300000, 0x0000000088300000| Untracked 
| 132|0x0000000088400000, 0x0000000088400000, 0x0000000088500000|  0%| F|  |TAMS 0x0000000088400000, 0x0000000088400000| Untracked 
| 133|0x0000000088500000, 0x0000000088500000, 0x0000000088600000|  0%| F|  |TAMS 0x0000000088500000, 0x0000000088500000| Untracked 
| 134|0x0000000088600000, 0x0000000088600000, 0x0000000088700000|  0%| F|  |TAMS 0x0000000088600000, 0x0000000088600000| Untracked 
| 135|0x0000000088700000, 0x0000000088700000, 0x0000000088800000|  0%| F|  |TAMS 0x0000000088700000, 0x0000000088700000| Untracked 
| 136|0x0000000088800000, 0x0000000088880800, 0x0000000088900000| 50%| E|  |TAMS 0x0000000088800000, 0x0000000088800000| Complete 
| 137|0x0000000088900000, 0x0000000088a00000, 0x0000000088a00000|100%| E|CS|TAMS 0x0000000088900000, 0x0000000088900000| Complete 
| 138|0x0000000088a00000, 0x0000000088b00000, 0x0000000088b00000|100%| E|CS|TAMS 0x0000000088a00000, 0x0000000088a00000| Complete 
| 253|0x000000008fd00000, 0x000000008fe00000, 0x000000008fe00000|100%| E|CS|TAMS 0x000000008fd00000, 0x000000008fd00000| Complete 

Card table byte_map: [0x00000240bc880000,0x00000240bcc80000] _byte_map_base: 0x00000240bc480000

Marking Bits (Prev, Next): (CMBitMap*) 0x00000240a58d63b0, (CMBitMap*) 0x00000240a58d6370
 Prev Bits: [0x00000240bf080000, 0x00000240c1080000)
 Next Bits: [0x00000240bd080000, 0x00000240bf080000)

Polling page: 0x00000240a5050000

Metaspace:

Usage:
  Non-class:     52.13 MB used.
      Class:      8.60 MB used.
       Both:     60.73 MB used.

Virtual space:
  Non-class space:       64.00 MB reserved,      52.44 MB ( 82%) committed,  1 nodes.
      Class space:      416.00 MB reserved,       8.88 MB (  2%) committed,  1 nodes.
             Both:      480.00 MB reserved,      61.31 MB ( 13%) committed. 

Chunk freelists:
   Non-Class:  11.00 MB
       Class:  7.13 MB
        Both:  18.13 MB

MaxMetaspaceSize: 512.00 MB
CompressedClassSpaceSize: 416.00 MB
Initial GC threshold: 21.00 MB
Current GC threshold: 99.81 MB
CDS: on
MetaspaceReclaimPolicy: balanced
 - commit_granule_bytes: 65536.
 - commit_granule_words: 8192.
 - virtual_space_node_default_size: 8388608.
 - enlarge_chunks_in_place: 1.
 - new_chunks_are_fully_committed: 0.
 - uncommit_free_chunks: 1.
 - use_allocation_guard: 0.
 - handle_deallocations: 1.


Internal statistics:

num_allocs_failed_limit: 6.
num_arena_births: 830.
num_arena_deaths: 0.
num_vsnodes_births: 2.
num_vsnodes_deaths: 0.
num_space_committed: 981.
num_space_uncommitted: 0.
num_chunks_returned_to_freelist: 6.
num_chunks_taken_from_freelist: 3440.
num_chunk_merges: 3.
num_chunk_splits: 2229.
num_chunks_enlarged: 1427.
num_inconsistent_stats: 0.

CodeHeap 'non-profiled nmethods': size=120000Kb used=3893Kb max_used=3893Kb free=116106Kb
 bounds [0x00000240b4c10000, 0x00000240b4fe0000, 0x00000240bc140000]
CodeHeap 'profiled nmethods': size=120000Kb used=12951Kb max_used=12951Kb free=107048Kb
 bounds [0x00000240ad140000, 0x00000240addf0000, 0x00000240b4670000]
CodeHeap 'non-nmethods': size=5760Kb used=2363Kb max_used=2442Kb free=3396Kb
 bounds [0x00000240b4670000, 0x00000240b4900000, 0x00000240b4c10000]
 total_blobs=7386 nmethods=6500 adapters=798
 compilation: enabled
              stopped_count=0, restarted_count=0
 full_count=0

Compilation events (20 events):
Event: 19.909 Thread 0x00000240c3ae1150 nmethod 7124 0x00000240add9cf90 code [0x00000240add9d120, 0x00000240add9d248]
Event: 19.909 Thread 0x00000240c3ae1150 7125       3       org.gradle.internal.snapshot.DirectorySnapshot$$Lambda$453/0x00000240c53e1c48::apply (8 bytes)
Event: 19.909 Thread 0x00000240c3ae1150 nmethod 7125 0x00000240add9d310 code [0x00000240add9d4c0, 0x00000240add9d6f8]
Event: 19.910 Thread 0x00000240c3ae1150 7126       3       org.gradle.internal.hash.HashCode$HashCode128::toByteArray (26 bytes)
Event: 19.910 Thread 0x00000240c3ae1150 nmethod 7126 0x00000240add9d810 code [0x00000240add9d9e0, 0x00000240add9dcd8]
Event: 19.911 Thread 0x00000240e65935e0 nmethod 7114 0x00000240b4fd0310 code [0x00000240b4fd04c0, 0x00000240b4fd0a68]
Event: 19.911 Thread 0x00000240e65935e0 7119       4       java.io.DataInputStream::readInt (72 bytes)
Event: 19.913 Thread 0x00000240c3ae1150 7127       3       com.google.common.cache.LocalCache$EntryFactory$2::copyEntry (21 bytes)
Event: 19.914 Thread 0x00000240c3ae1150 nmethod 7127 0x00000240add9de10 code [0x00000240add9dfc0, 0x00000240add9e1d8]
Event: 19.914 Thread 0x00000240c3ae1150 7128       3       com.google.common.cache.LocalCache$EntryFactory::copyAccessEntry (37 bytes)
Event: 19.914 Thread 0x00000240c3ae1150 nmethod 7128 0x00000240add9e310 code [0x00000240add9e560, 0x00000240add9efd8]
Event: 19.916 Thread 0x00000240c3ae1150 7129       3       com.google.common.cache.LocalCache$StrongValueReference::copyFor (2 bytes)
Event: 19.916 Thread 0x00000240c3ae1150 nmethod 7129 0x00000240add9f290 code [0x00000240add9f420, 0x00000240add9f538]
Event: 19.922 Thread 0x00000240e65935e0 nmethod 7119 0x00000240b4fd0f10 code [0x00000240b4fd1100, 0x00000240b4fd2110]
Event: 19.922 Thread 0x00000240e65935e0 7130       4       java.util.Arrays::fill (21 bytes)
Event: 19.922 Thread 0x00000240c3ae1150 7131       3       org.gradle.internal.serialize.HashCodeSerializer::write (10 bytes)
Event: 19.923 Thread 0x00000240c3ae1150 nmethod 7131 0x00000240add9f610 code [0x00000240add9f800, 0x00000240add9fe28]
Event: 19.923 Thread 0x00000240c3ae1150 7132       3       org.gradle.internal.serialize.HashCodeSerializer::write (22 bytes)
Event: 19.923 Thread 0x00000240c3ae1150 nmethod 7132 0x00000240adda0010 code [0x00000240adda01e0, 0x00000240adda06a8]
Event: 19.923 Thread 0x00000240c3ae1150 7133       3       org.gradle.internal.serialize.HashCodeSerializer::read (6 bytes)

GC Heap History (20 events):
Event: 14.433 GC heap before
{Heap before GC invocations=11 (full 0):
 garbage-first heap   total 81920K, used 64132K [0x0000000080000000, 0x0000000100000000)
  region size 1024K, 32 young (32768K), 3 survivors (3072K)
 Metaspace       used 39853K, committed 40320K, reserved 491520K
  class space    used 5635K, committed 5824K, reserved 425984K
}
Event: 14.438 GC heap after
{Heap after GC invocations=12 (full 0):
 garbage-first heap   total 81920K, used 35984K [0x0000000080000000, 0x0000000100000000)
  region size 1024K, 3 young (3072K), 3 survivors (3072K)
 Metaspace       used 39853K, committed 40320K, reserved 491520K
  class space    used 5635K, committed 5824K, reserved 425984K
}
Event: 15.179 GC heap before
{Heap before GC invocations=12 (full 0):
 garbage-first heap   total 81920K, used 64656K [0x0000000080000000, 0x0000000100000000)
  region size 1024K, 31 young (31744K), 3 survivors (3072K)
 Metaspace       used 42850K, committed 43392K, reserved 491520K
  class space    used 6106K, committed 6336K, reserved 425984K
}
Event: 15.184 GC heap after
{Heap after GC invocations=13 (full 0):
 garbage-first heap   total 81920K, used 37469K [0x0000000080000000, 0x0000000100000000)
  region size 1024K, 3 young (3072K), 3 survivors (3072K)
 Metaspace       used 42850K, committed 43392K, reserved 491520K
  class space    used 6106K, committed 6336K, reserved 425984K
}
Event: 16.094 GC heap before
{Heap before GC invocations=13 (full 0):
 garbage-first heap   total 81920K, used 66141K [0x0000000080000000, 0x0000000100000000)
  region size 1024K, 31 young (31744K), 3 survivors (3072K)
 Metaspace       used 45821K, committed 46272K, reserved 491520K
  class space    used 6572K, committed 6784K, reserved 425984K
}
Event: 16.099 GC heap after
{Heap after GC invocations=14 (full 0):
 garbage-first heap   total 81920K, used 40000K [0x0000000080000000, 0x0000000100000000)
  region size 1024K, 4 young (4096K), 4 survivors (4096K)
 Metaspace       used 45821K, committed 46272K, reserved 491520K
  class space    used 6572K, committed 6784K, reserved 425984K
}
Event: 16.323 GC heap before
{Heap before GC invocations=14 (full 0):
 garbage-first heap   total 81920K, used 47168K [0x0000000080000000, 0x0000000100000000)
  region size 1024K, 13 young (13312K), 4 survivors (4096K)
 Metaspace       used 46702K, committed 47232K, reserved 491520K
  class space    used 6735K, committed 6976K, reserved 425984K
}
Event: 16.326 GC heap after
{Heap after GC invocations=15 (full 0):
 garbage-first heap   total 81920K, used 41171K [0x0000000080000000, 0x0000000100000000)
  region size 1024K, 2 young (2048K), 2 survivors (2048K)
 Metaspace       used 46702K, committed 47232K, reserved 491520K
  class space    used 6735K, committed 6976K, reserved 425984K
}
Event: 16.969 GC heap before
{Heap before GC invocations=16 (full 0):
 garbage-first heap   total 81920K, used 63699K [0x0000000080000000, 0x0000000100000000)
  region size 1024K, 23 young (23552K), 2 survivors (2048K)
 Metaspace       used 48609K, committed 49152K, reserved 491520K
  class space    used 6904K, committed 7168K, reserved 425984K
}
Event: 16.974 GC heap after
{Heap after GC invocations=17 (full 0):
 garbage-first heap   total 81920K, used 42472K [0x0000000080000000, 0x0000000100000000)
  region size 1024K, 3 young (3072K), 3 survivors (3072K)
 Metaspace       used 48609K, committed 49152K, reserved 491520K
  class space    used 6904K, committed 7168K, reserved 425984K
}
Event: 17.515 GC heap before
{Heap before GC invocations=18 (full 0):
 garbage-first heap   total 81920K, used 66024K [0x0000000080000000, 0x0000000100000000)
  region size 1024K, 23 young (23552K), 3 survivors (3072K)
 Metaspace       used 50922K, committed 51648K, reserved 491520K
  class space    used 7206K, committed 7552K, reserved 425984K
}
Event: 17.518 GC heap after
{Heap after GC invocations=19 (full 0):
 garbage-first heap   total 81920K, used 48327K [0x0000000080000000, 0x0000000100000000)
  region size 1024K, 2 young (2048K), 2 survivors (2048K)
 Metaspace       used 50922K, committed 51648K, reserved 491520K
  class space    used 7206K, committed 7552K, reserved 425984K
}
Event: 17.843 GC heap before
{Heap before GC invocations=20 (full 0):
 garbage-first heap   total 99328K, used 73927K [0x0000000080000000, 0x0000000100000000)
  region size 1024K, 20 young (20480K), 2 survivors (2048K)
 Metaspace       used 52290K, committed 52928K, reserved 491520K
  class space    used 7401K, committed 7744K, reserved 425984K
}
Event: 17.846 GC heap after
{Heap after GC invocations=21 (full 0):
 garbage-first heap   total 119808K, used 58344K [0x0000000080000000, 0x0000000100000000)
  region size 1024K, 2 young (2048K), 2 survivors (2048K)
 Metaspace       used 52290K, committed 52928K, reserved 491520K
  class space    used 7401K, committed 7744K, reserved 425984K
}
Event: 18.266 GC heap before
{Heap before GC invocations=21 (full 0):
 garbage-first heap   total 119808K, used 88040K [0x0000000080000000, 0x0000000100000000)
  region size 1024K, 31 young (31744K), 2 survivors (2048K)
 Metaspace       used 55603K, committed 56192K, reserved 491520K
  class space    used 7834K, committed 8128K, reserved 425984K
}
Event: 18.271 GC heap after
{Heap after GC invocations=22 (full 0):
 garbage-first heap   total 119808K, used 59564K [0x0000000080000000, 0x0000000100000000)
  region size 1024K, 3 young (3072K), 3 survivors (3072K)
 Metaspace       used 55603K, committed 56192K, reserved 491520K
  class space    used 7834K, committed 8128K, reserved 425984K
}
Event: 18.825 GC heap before
{Heap before GC invocations=23 (full 0):
 garbage-first heap   total 119808K, used 90284K [0x0000000080000000, 0x0000000100000000)
  region size 1024K, 33 young (33792K), 3 survivors (3072K)
 Metaspace       used 58419K, committed 59072K, reserved 491520K
  class space    used 8292K, committed 8576K, reserved 425984K
}
Event: 18.829 GC heap after
{Heap after GC invocations=24 (full 0):
 garbage-first heap   total 119808K, used 61064K [0x0000000080000000, 0x0000000100000000)
  region size 1024K, 3 young (3072K), 3 survivors (3072K)
 Metaspace       used 58419K, committed 59072K, reserved 491520K
  class space    used 8292K, committed 8576K, reserved 425984K
}
Event: 19.341 GC heap before
{Heap before GC invocations=24 (full 0):
 garbage-first heap   total 119808K, used 92808K [0x0000000080000000, 0x0000000100000000)
  region size 1024K, 34 young (34816K), 3 survivors (3072K)
 Metaspace       used 60493K, committed 61120K, reserved 491520K
  class space    used 8574K, committed 8896K, reserved 425984K
}
Event: 19.345 GC heap after
{Heap after GC invocations=25 (full 0):
 garbage-first heap   total 119808K, used 61897K [0x0000000080000000, 0x0000000100000000)
  region size 1024K, 3 young (3072K), 3 survivors (3072K)
 Metaspace       used 60493K, committed 61120K, reserved 491520K
  class space    used 8574K, committed 8896K, reserved 425984K
}

Deoptimization events (20 events):
Event: 18.235 Thread 0x00000240c3cdfdb0 Uncommon trap: trap_request=0xffffffde fr.pc=0x00000240b4f6f284 relative=0x00000000000005a4
Event: 18.235 Thread 0x00000240c3cdfdb0 Uncommon trap: reason=class_check action=maybe_recompile pc=0x00000240b4f6f284 method=kotlin.reflect.jvm.internal.impl.protobuf.CodedInputStream.tryRefillBuffer(I)Z @ 175 c2
Event: 18.235 Thread 0x00000240c3cdfdb0 DEOPT PACKING pc=0x00000240b4f6f284 sp=0x000000e78b0f5e40
Event: 18.235 Thread 0x00000240c3cdfdb0 DEOPT UNPACKING pc=0x00000240b46c23a3 sp=0x000000e78b0f5d28 mode 2
Event: 18.237 Thread 0x00000240c3cdfdb0 Uncommon trap: trap_request=0xffffffde fr.pc=0x00000240b4f6f284 relative=0x00000000000005a4
Event: 18.237 Thread 0x00000240c3cdfdb0 Uncommon trap: reason=class_check action=maybe_recompile pc=0x00000240b4f6f284 method=kotlin.reflect.jvm.internal.impl.protobuf.CodedInputStream.tryRefillBuffer(I)Z @ 175 c2
Event: 18.237 Thread 0x00000240c3cdfdb0 DEOPT PACKING pc=0x00000240b4f6f284 sp=0x000000e78b0f5e40
Event: 18.237 Thread 0x00000240c3cdfdb0 DEOPT UNPACKING pc=0x00000240b46c23a3 sp=0x000000e78b0f5d28 mode 2
Event: 18.314 Thread 0x00000240c3cdfdb0 DEOPT PACKING pc=0x00000240ad56fddc sp=0x000000e78b0f6710
Event: 18.314 Thread 0x00000240c3cdfdb0 DEOPT UNPACKING pc=0x00000240b46c2b43 sp=0x000000e78b0f5c90 mode 0
Event: 18.643 Thread 0x00000240c3cdfdb0 DEOPT PACKING pc=0x00000240ad7eb8e6 sp=0x000000e78b0f64f0
Event: 18.643 Thread 0x00000240c3cdfdb0 DEOPT UNPACKING pc=0x00000240b46c2b43 sp=0x000000e78b0f59b8 mode 0
Event: 18.664 Thread 0x00000240c3cdfdb0 Uncommon trap: trap_request=0xffffffdc fr.pc=0x00000240b4f90470 relative=0x00000000000002d0
Event: 18.664 Thread 0x00000240c3cdfdb0 Uncommon trap: reason=class_check action=make_not_entrant pc=0x00000240b4f90470 method=java.util.ArrayList.toArray([Ljava/lang/Object;)[Ljava/lang/Object; @ 21 c2
Event: 18.664 Thread 0x00000240c3cdfdb0 DEOPT PACKING pc=0x00000240b4f90470 sp=0x000000e78b0f5810
Event: 18.664 Thread 0x00000240c3cdfdb0 DEOPT UNPACKING pc=0x00000240b46c23a3 sp=0x000000e78b0f57e0 mode 2
Event: 19.675 Thread 0x00000240c3cdfdb0 DEOPT PACKING pc=0x00000240ad2b3259 sp=0x000000e78b0f7f50
Event: 19.675 Thread 0x00000240c3cdfdb0 DEOPT UNPACKING pc=0x00000240b46c2b43 sp=0x000000e78b0f7448 mode 0
Event: 19.917 Thread 0x00000240e5284d00 DEOPT PACKING pc=0x00000240ad951d42 sp=0x000000e78b5fe410
Event: 19.917 Thread 0x00000240e5284d00 DEOPT UNPACKING pc=0x00000240b46c2b43 sp=0x000000e78b5fd898 mode 0

Classes unloaded (0 events):
No events

Classes redefined (0 events):
No events

Internal exceptions (20 events):
Event: 17.156 Thread 0x00000240c3cdfdb0 Exception <a 'java/lang/NoSuchMethodError'{0x00000000885f5208}: static Lorg/jetbrains/kotlin/gradle/plugin/internal/DefaultBasePluginConfigurationVariantFactory;.<clinit>()V> (0x00000000885f5208) 
thrown [s\open\src\hotspot\share\prims\jni.cpp, line 1112]
Event: 17.209 Thread 0x00000240c3cdfdb0 Exception <a 'java/lang/IncompatibleClassChangeError'{0x0000000088356048}: Found class java.lang.Object, but interface was expected> (0x0000000088356048) 
thrown [s\open\src\hotspot\share\interpreter\linkResolver.cpp, line 826]
Event: 17.594 Thread 0x00000240c3cdfdb0 Implicit null exception at 0x00000240b4de7054 to 0x00000240b4de720c
Event: 17.594 Thread 0x00000240c3cdfdb0 Implicit null exception at 0x00000240b4e60796 to 0x00000240b4e624cc
Event: 17.947 Thread 0x00000240c3cdfdb0 Implicit null exception at 0x00000240b4c4fcf2 to 0x00000240b4c5030c
Event: 18.062 Thread 0x00000240c3cdfdb0 Implicit null exception at 0x00000240b4c6ba72 to 0x00000240b4c6c08c
Event: 19.147 Thread 0x00000240c3cdfdb0 Exception <a 'java/lang/NoSuchMethodError'{0x00000000862149c0}: 'int java.lang.invoke.DirectMethodHandle$Holder.invokeSpecialIFC(java.lang.Object, java.lang.Object, java.lang.Object, java.lang.Object, java.lang.Object)'> (0x00000000862149c0) 
thrown [s\open\src\hotspot\share\interpreter\linkResolver.cpp, line 759]
Event: 19.464 Thread 0x00000240c3cdfdb0 Exception <a 'java/lang/ClassNotFoundException'{0x0000000088672df8}: org/jetbrains/kotlin/gradle/targets/js/npm/DefaultNpmDependencyExtensionBeanInfo> (0x0000000088672df8) 
thrown [s\open\src\hotspot\share\classfile\systemDictionary.cpp, line 256]
Event: 19.465 Thread 0x00000240c3cdfdb0 Exception <a 'java/lang/ClassNotFoundException'{0x0000000088685d68}: org/jetbrains/kotlin/gradle/targets/js/npm/DefaultNpmDependencyExtensionCustomizer> (0x0000000088685d68) 
thrown [s\open\src\hotspot\share\classfile\systemDictionary.cpp, line 256]
Event: 19.477 Thread 0x00000240c3cdfdb0 Exception <a 'java/lang/ClassNotFoundException'{0x00000000885273a8}: org/jetbrains/kotlin/gradle/targets/js/npm/NpmDependencyExtensionKt$defaultNpmDependencyDelegate$1BeanInfo> (0x00000000885273a8) 
thrown [s\open\src\hotspot\share\classfile\systemDictionary.cpp, line 256]
Event: 19.478 Thread 0x00000240c3cdfdb0 Exception <a 'java/lang/ClassNotFoundException'{0x000000008853a0a0}: org/jetbrains/kotlin/gradle/targets/js/npm/NpmDependencyExtensionDelegateBeanInfo> (0x000000008853a0a0) 
thrown [s\open\src\hotspot\share\classfile\systemDictionary.cpp, line 256]
Event: 19.479 Thread 0x00000240c3cdfdb0 Exception <a 'java/lang/ClassNotFoundException'{0x000000008854cda8}: org/jetbrains/kotlin/gradle/targets/js/npm/NpmDependencyExtensionDelegateCustomizer> (0x000000008854cda8) 
thrown [s\open\src\hotspot\share\classfile\systemDictionary.cpp, line 256]
Event: 19.481 Thread 0x00000240c3cdfdb0 Exception <a 'java/lang/ClassNotFoundException'{0x0000000088584b50}: org/jetbrains/kotlin/gradle/targets/js/npm/NpmDependencyExtensionKt$defaultNpmDependencyDelegate$1Customizer> (0x0000000088584b50) 
thrown [s\open\src\hotspot\share\classfile\systemDictionary.cpp, line 256]
Event: 19.490 Thread 0x00000240c3cdfdb0 Exception <a 'java/lang/ClassNotFoundException'{0x00000000885cdca0}: org/jetbrains/kotlin/gradle/targets/js/npm/DefaultDevNpmDependencyExtensionBeanInfo> (0x00000000885cdca0) 
thrown [s\open\src\hotspot\share\classfile\systemDictionary.cpp, line 256]
Event: 19.491 Thread 0x00000240c3cdfdb0 Exception <a 'java/lang/ClassNotFoundException'{0x00000000885e09d0}: org/jetbrains/kotlin/gradle/targets/js/npm/DefaultDevNpmDependencyExtensionCustomizer> (0x00000000885e09d0) 
thrown [s\open\src\hotspot\share\classfile\systemDictionary.cpp, line 256]
Event: 19.495 Thread 0x00000240c3cdfdb0 Exception <a 'java/lang/ClassNotFoundException'{0x0000000088431a10}: org/jetbrains/kotlin/gradle/targets/js/npm/DefaultPeerNpmDependencyExtensionBeanInfo> (0x0000000088431a10) 
thrown [s\open\src\hotspot\share\classfile\systemDictionary.cpp, line 256]
Event: 19.495 Thread 0x00000240c3cdfdb0 Exception <a 'java/lang/ClassNotFoundException'{0x0000000088444748}: org/jetbrains/kotlin/gradle/targets/js/npm/DefaultPeerNpmDependencyExtensionCustomizer> (0x0000000088444748) 
thrown [s\open\src\hotspot\share\classfile\systemDictionary.cpp, line 256]
Event: 19.500 Thread 0x00000240c3cdfdb0 Exception <a 'java/lang/ClassNotFoundException'{0x000000008849e600}: org/jetbrains/kotlin/gradle/targets/js/npm/DefaultPeerNpmDependencyExtension$delegate$1BeanInfo> (0x000000008849e600) 
thrown [s\open\src\hotspot\share\classfile\systemDictionary.cpp, line 256]
Event: 19.501 Thread 0x00000240c3cdfdb0 Exception <a 'java/lang/ClassNotFoundException'{0x00000000884b14e8}: org/jetbrains/kotlin/gradle/targets/js/npm/DefaultPeerNpmDependencyExtension$delegate$1Customizer> (0x00000000884b14e8) 
thrown [s\open\src\hotspot\share\classfile\systemDictionary.cpp, line 256]
Event: 19.531 Thread 0x00000240c3cdfdb0 Exception <a 'java/lang/NoSuchMethodError'{0x0000000088212df8}: static Lorg/jetbrains/kotlin/gradle/plugin/internal/DefaultIdeaSyncDetector$createIdeaPropertiesEvaluator$1;.<clinit>()V> (0x0000000088212df8) 
thrown [s\open\src\hotspot\share\prims\jni.cpp, line 1112]

VM Operations (20 events):
Event: 17.588 Executing VM operation: G1Concurrent
Event: 17.589 Executing VM operation: G1Concurrent done
Event: 17.843 Executing VM operation: G1CollectForAllocation
Event: 17.846 Executing VM operation: G1CollectForAllocation done
Event: 18.266 Executing VM operation: G1CollectForAllocation
Event: 18.271 Executing VM operation: G1CollectForAllocation done
Event: 18.320 Executing VM operation: G1Concurrent
Event: 18.325 Executing VM operation: G1Concurrent done
Event: 18.347 Executing VM operation: G1Concurrent
Event: 18.347 Executing VM operation: G1Concurrent done
Event: 18.825 Executing VM operation: G1CollectForAllocation
Event: 18.829 Executing VM operation: G1CollectForAllocation done
Event: 19.131 Executing VM operation: HandshakeAllThreads
Event: 19.131 Executing VM operation: HandshakeAllThreads done
Event: 19.341 Executing VM operation: G1CollectForAllocation
Event: 19.345 Executing VM operation: G1CollectForAllocation done
Event: 19.405 Executing VM operation: G1Concurrent
Event: 19.409 Executing VM operation: G1Concurrent done
Event: 19.433 Executing VM operation: G1Concurrent
Event: 19.433 Executing VM operation: G1Concurrent done

Events (20 events):
Event: 18.549 loading class com/sun/org/apache/xerces/internal/utils/XMLSecurityManager$NameMap
Event: 18.549 loading class com/sun/org/apache/xerces/internal/utils/XMLSecurityManager$NameMap done
Event: 18.549 loading class com/sun/org/apache/xerces/internal/utils/XMLSecurityPropertyManager
Event: 18.550 loading class com/sun/org/apache/xerces/internal/utils/XMLSecurityPropertyManager done
Event: 18.550 loading class com/sun/org/apache/xerces/internal/utils/XMLSecurityPropertyManager$State
Event: 18.550 loading class com/sun/org/apache/xerces/internal/utils/XMLSecurityPropertyManager$State done
Event: 18.550 loading class com/sun/org/apache/xerces/internal/utils/XMLSecurityPropertyManager$Property
Event: 18.550 loading class com/sun/org/apache/xerces/internal/utils/XMLSecurityPropertyManager$Property done
Event: 18.569 loading class java/util/regex/Pattern$SliceI
Event: 18.569 loading class java/util/regex/Pattern$SliceI done
Event: 18.592 Thread 0x00000240e64c3310 Thread added: 0x00000240e64c3310
Event: 18.594 loading class java/lang/Byte$ByteCache
Event: 18.594 loading class java/lang/Byte$ByteCache done
Event: 19.130 loading class java/util/AbstractList$ListItr
Event: 19.130 loading class java/util/AbstractList$ListItr done
Event: 19.234 loading class java/util/regex/Pattern$1
Event: 19.234 loading class java/util/regex/Pattern$1 done
Event: 19.332 Thread 0x00000240e65935e0 Thread exited: 0x00000240e65935e0
Event: 19.423 Thread 0x00000240e65965b0 Thread added: 0x00000240e65965b0
Event: 19.865 Thread 0x00000240e65935e0 Thread added: 0x00000240e65935e0


Dynamic libraries:
0x00007ff73b6b0000 - 0x00007ff73b6c0000 	C:\Program Files\Java\jdk-17\bin\java.exe
0x00007ff820350000 - 0x00007ff820548000 	C:\Windows\SYSTEM32\ntdll.dll
0x00007ff81f780000 - 0x00007ff81f841000 	C:\Windows\System32\KERNEL32.DLL
0x00007ff81dd90000 - 0x00007ff81e08d000 	C:\Windows\System32\KERNELBASE.dll
0x00007ff81db30000 - 0x00007ff81dc30000 	C:\Windows\System32\ucrtbase.dll
0x00007fffc4240000 - 0x00007fffc4259000 	C:\Program Files\Java\jdk-17\bin\jli.dll
0x00007fffc0050000 - 0x00007fffc006b000 	C:\Program Files\Java\jdk-17\bin\VCRUNTIME140.dll
0x00007ff820260000 - 0x00007ff820310000 	C:\Windows\System32\ADVAPI32.dll
0x00007ff81fa50000 - 0x00007ff81faee000 	C:\Windows\System32\msvcrt.dll
0x00007ff81f570000 - 0x00007ff81f610000 	C:\Windows\System32\sechost.dll
0x00007ff81e600000 - 0x00007ff81e723000 	C:\Windows\System32\RPCRT4.dll
0x00007ff81e220000 - 0x00007ff81e247000 	C:\Windows\System32\bcrypt.dll
0x00007ff81f8b0000 - 0x00007ff81fa4d000 	C:\Windows\System32\USER32.dll
0x00007fffff7c0000 - 0x00007fffffa5a000 	C:\Windows\WinSxS\amd64_microsoft.windows.common-controls_6595b64144ccf1df_6.0.19041.4355_none_60b8b9eb71f62e16\COMCTL32.dll
0x00007ff81da00000 - 0x00007ff81da22000 	C:\Windows\System32\win32u.dll
0x00007ff81edf0000 - 0x00007ff81ee1b000 	C:\Windows\System32\GDI32.dll
0x00007ff81e100000 - 0x00007ff81e217000 	C:\Windows\System32\gdi32full.dll
0x00007ff81e250000 - 0x00007ff81e2ed000 	C:\Windows\System32\msvcp_win.dll
0x00007ff815cc0000 - 0x00007ff815cca000 	C:\Windows\SYSTEM32\VERSION.dll
0x00007ff81f540000 - 0x00007ff81f56f000 	C:\Windows\System32\IMM32.DLL
0x00007fffd1530000 - 0x00007fffd153c000 	C:\Program Files\Java\jdk-17\bin\vcruntime140_1.dll
0x00007fff95dc0000 - 0x00007fff95e4e000 	C:\Program Files\Java\jdk-17\bin\msvcp140.dll
0x00007fff86df0000 - 0x00007fff879d0000 	C:\Program Files\Java\jdk-17\bin\server\jvm.dll
0x00007ff81f6f0000 - 0x00007ff81f6f8000 	C:\Windows\System32\PSAPI.DLL
0x00007ff812d20000 - 0x00007ff812d29000 	C:\Windows\SYSTEM32\WSOCK32.dll
0x00007ff808fd0000 - 0x00007ff808ff7000 	C:\Windows\SYSTEM32\WINMM.dll
0x00007ff81f2d0000 - 0x00007ff81f33b000 	C:\Windows\System32\WS2_32.dll
0x00007ff81c1e0000 - 0x00007ff81c1f2000 	C:\Windows\SYSTEM32\kernel.appcore.dll
0x00007fffd13d0000 - 0x00007fffd13da000 	C:\Program Files\Java\jdk-17\bin\jimage.dll
0x00007ff8187c0000 - 0x00007ff8189a4000 	C:\Windows\SYSTEM32\DBGHELP.DLL
0x00007ff810500000 - 0x00007ff810534000 	C:\Windows\SYSTEM32\dbgcore.DLL
0x00007ff81e2f0000 - 0x00007ff81e372000 	C:\Windows\System32\bcryptPrimitives.dll
0x00007fffd11c0000 - 0x00007fffd11ce000 	C:\Program Files\Java\jdk-17\bin\instrument.dll
0x00007fffbe620000 - 0x00007fffbe645000 	C:\Program Files\Java\jdk-17\bin\java.dll
0x00007fff8fde0000 - 0x00007fff8feb7000 	C:\Program Files\Java\jdk-17\bin\jsvml.dll
0x00007ff81faf0000 - 0x00007ff82025f000 	C:\Windows\System32\SHELL32.dll
0x00007ff81ba20000 - 0x00007ff81c1c3000 	C:\Windows\SYSTEM32\windows.storage.dll
0x00007ff81ee20000 - 0x00007ff81f173000 	C:\Windows\System32\combase.dll
0x00007ff81d350000 - 0x00007ff81d37e000 	C:\Windows\SYSTEM32\Wldp.dll
0x00007ff81e8b0000 - 0x00007ff81e97d000 	C:\Windows\System32\OLEAUT32.dll
0x00007ff81f3a0000 - 0x00007ff81f44d000 	C:\Windows\System32\SHCORE.dll
0x00007ff81f340000 - 0x00007ff81f395000 	C:\Windows\System32\shlwapi.dll
0x00007ff81d930000 - 0x00007ff81d954000 	C:\Windows\SYSTEM32\profapi.dll
0x00007fffc0030000 - 0x00007fffc0048000 	C:\Program Files\Java\jdk-17\bin\zip.dll
0x00007fffbe240000 - 0x00007fffbe259000 	C:\Program Files\Java\jdk-17\bin\net.dll
0x00007ff811e90000 - 0x00007ff811f9d000 	C:\Windows\SYSTEM32\WINHTTP.dll
0x00007ff81d130000 - 0x00007ff81d19a000 	C:\Windows\system32\mswsock.dll
0x00007fffbdea0000 - 0x00007fffbdeb6000 	C:\Program Files\Java\jdk-17\bin\nio.dll
0x00007fffd1020000 - 0x00007fffd1030000 	C:\Program Files\Java\jdk-17\bin\verify.dll
0x00007fffbe0b0000 - 0x00007fffbe0d7000 	C:\Users\dungn\.gradle\native\c067742578af261105cb4f569cf0c3c89f3d7b1fecec35dd04571415982c5e48\windows-amd64\native-platform.dll
0x00007fff8ec80000 - 0x00007fff8edc4000 	C:\Users\dungn\.gradle\native\38dada09dfb8b06ba9b0570ebf7e218e3eb74d4ef43ca46872605cf95ebc2f47\windows-amd64\native-platform-file-events.dll
0x00007fffd0fd0000 - 0x00007fffd0fda000 	C:\Program Files\Java\jdk-17\bin\management.dll
0x00007fffc8db0000 - 0x00007fffc8dbb000 	C:\Program Files\Java\jdk-17\bin\management_ext.dll
0x00007ff81d390000 - 0x00007ff81d3a8000 	C:\Windows\SYSTEM32\CRYPTSP.dll
0x00007ff81ca00000 - 0x00007ff81ca34000 	C:\Windows\system32\rsaenh.dll
0x00007ff81d8f0000 - 0x00007ff81d91e000 	C:\Windows\SYSTEM32\USERENV.dll
0x00007ff81d2c0000 - 0x00007ff81d2cc000 	C:\Windows\SYSTEM32\CRYPTBASE.dll
0x00007ff81cde0000 - 0x00007ff81ce1b000 	C:\Windows\SYSTEM32\IPHLPAPI.DLL
0x00007ff81f180000 - 0x00007ff81f188000 	C:\Windows\System32\NSI.dll
0x00007ff8152d0000 - 0x00007ff8152e7000 	C:\Windows\SYSTEM32\dhcpcsvc6.DLL
0x00007ff815270000 - 0x00007ff81528d000 	C:\Windows\SYSTEM32\dhcpcsvc.DLL
0x00007ff81ce30000 - 0x00007ff81cefa000 	C:\Windows\SYSTEM32\DNSAPI.dll
0x00007fffc8c80000 - 0x00007fffc8c8e000 	C:\Program Files\Java\jdk-17\bin\sunmscapi.dll
0x00007ff81dc30000 - 0x00007ff81dd8c000 	C:\Windows\System32\CRYPT32.dll
0x00007ff81d4a0000 - 0x00007ff81d4c9000 	C:\Windows\SYSTEM32\ncrypt.dll
0x00007ff81d460000 - 0x00007ff81d49b000 	C:\Windows\SYSTEM32\NTASN1.dll
0x00007ffffed20000 - 0x00007ffffed27000 	C:\Windows\system32\wshunix.dll

dbghelp: loaded successfully - version: 4.0.5 - missing functions: none
symbol engine: initialized successfully - sym options: 0x614 - pdb path: .;C:\Program Files\Java\jdk-17\bin;C:\Windows\SYSTEM32;C:\Windows\WinSxS\amd64_microsoft.windows.common-controls_6595b64144ccf1df_6.0.19041.4355_none_60b8b9eb71f62e16;C:\Program Files\Java\jdk-17\bin\server;C:\Users\dungn\.gradle\native\c067742578af261105cb4f569cf0c3c89f3d7b1fecec35dd04571415982c5e48\windows-amd64;C:\Users\dungn\.gradle\native\38dada09dfb8b06ba9b0570ebf7e218e3eb74d4ef43ca46872605cf95ebc2f47\windows-amd64

VM Arguments:
jvm_args: -XX:MaxMetaspaceSize=512m --add-opens=java.base/java.util=ALL-UNNAMED --add-opens=java.base/java.lang=ALL-UNNAMED --add-opens=java.base/java.lang.invoke=ALL-UNNAMED --add-opens=java.prefs/java.util.prefs=ALL-UNNAMED --add-opens=java.base/java.nio.charset=ALL-UNNAMED --add-opens=java.base/java.net=ALL-UNNAMED --add-opens=java.base/java.util.concurrent.atomic=ALL-UNNAMED -Xmx2048m -Dfile.encoding=utf8 -Duser.country=US -Duser.language=en -Duser.variant -javaagent:C:\Users\dungn\.gradle\wrapper\dists\gradle-8.6-all\3mbtmo166bl6vumsh5k2lkq5h\gradle-8.6\lib\agents\gradle-instrumentation-agent-8.6.jar 
java_command: org.gradle.launcher.daemon.bootstrap.GradleDaemon 8.6
java_class_path (initial): C:\Users\dungn\.gradle\wrapper\dists\gradle-8.6-all\3mbtmo166bl6vumsh5k2lkq5h\gradle-8.6\lib\gradle-launcher-8.6.jar
Launcher Type: SUN_STANDARD

[Global flags]
     intx CICompilerCount                          = 4                                         {product} {ergonomic}
   size_t CompressedClassSpaceSize                 = 436207616                                 {product} {ergonomic}
     uint ConcGCThreads                            = 2                                         {product} {ergonomic}
     uint G1ConcRefinementThreads                  = 8                                         {product} {ergonomic}
   size_t G1HeapRegionSize                         = 1048576                                   {product} {ergonomic}
    uintx GCDrainStackTargetSize                   = 64                                        {product} {ergonomic}
   size_t InitialHeapSize                          = 266338304                                 {product} {ergonomic}
   size_t MarkStackSize                            = 4194304                                   {product} {ergonomic}
   size_t MaxHeapSize                              = 2147483648                                {product} {command line}
   size_t MaxMetaspaceSize                         = 536870912                                 {product} {command line}
   size_t MaxNewSize                               = 1287651328                                {product} {ergonomic}
   size_t MinHeapDeltaBytes                        = 1048576                                   {product} {ergonomic}
   size_t MinHeapSize                              = 8388608                                   {product} {ergonomic}
    uintx NonNMethodCodeHeapSize                   = 5839372                                {pd product} {ergonomic}
    uintx NonProfiledCodeHeapSize                  = 122909434                              {pd product} {ergonomic}
    uintx ProfiledCodeHeapSize                     = 122909434                              {pd product} {ergonomic}
    uintx ReservedCodeCacheSize                    = 251658240                              {pd product} {ergonomic}
     bool SegmentedCodeCache                       = true                                      {product} {ergonomic}
   size_t SoftMaxHeapSize                          = 2147483648                             {manageable} {ergonomic}
     bool UseCompressedClassPointers               = true                           {product lp64_product} {ergonomic}
     bool UseCompressedOops                        = true                           {product lp64_product} {ergonomic}
     bool UseG1GC                                  = true                                      {product} {ergonomic}
     bool UseLargePagesIndividualAllocation        = false                                  {pd product} {ergonomic}

Logging:
Log output configuration:
 #0: stdout all=warning uptime,level,tags
 #1: stderr all=off uptime,level,tags

Environment Variables:
JAVA_HOME=C:\Program Files\Java\jdk-17
PATH=C:\Program Files\Common Files\Oracle\Java\javapath;C:\Program Files (x86)\Common Files\Oracle\Java\java8path;C:\Program Files (x86)\Common Files\Oracle\Java\javapath;C:\Python312\Scripts\;C:\Python312\;C:\Program Files (x86)\VMware\VMware Workstation\bin\;C:\Windows\system32;C:\Windows;C:\Windows\System32\Wbem;C:\Windows\System32\WindowsPowerShell\v1.0\;C:\Windows\System32\OpenSSH\;C:\Program Files\Git\cmd;C:\Program Files\nodejs\;C:\ProgramData\chocolatey\bin;C:\Program Files\Java\jdk-17\bin;C:\Users\dungn\AppData\Local\Microsoft\WindowsApps;C:\Users\dungn\AppData\Local\Programs\Microsoft VS Code\bin;C:\Users\dungn\AppData\Roaming\npm
USERNAME=dungn
OS=Windows_NT
PROCESSOR_IDENTIFIER=Intel64 Family 6 Model 94 Stepping 3, GenuineIntel



---------------  S Y S T E M  ---------------

OS:
 Windows 10 , 64 bit Build 19041 (10.0.19041.4842)
OS uptime: 3 days 7:16 hours
Hyper-V role detected

CPU: total 8 (initial active 8) (4 cores per cpu, 2 threads per core) family 6 model 94 stepping 3 microcode 0xd6, cx8, cmov, fxsr, ht, mmx, 3dnowpref, sse, sse2, sse3, ssse3, sse4.1, sse4.2, popcnt, lzcnt, tsc, tscinvbit, avx, avx2, aes, erms, clmul, bmi1, bmi2, rtm, adx, fma, vzeroupper, clflush, clflushopt, hv

Memory: 4k page, system-wide physical 16230M (3289M free)
TotalPageFile size 21606M (AvailPageFile size 5005M)
current process WorkingSet (physical memory assigned to process): 316M, peak: 316M
current process commit charge ("private bytes"): 368M, peak: 434M

vm_info: Java HotSpot(TM) 64-Bit Server VM (17.0.12+8-LTS-286) for windows-amd64 JRE (17.0.12+8-LTS-286), built on Jun  5 2024 06:46:59 by "mach5one" with MS VC++ 17.6 (VS2022)

END.
